{"/Users/elisabertoni/Desktop/Bootcamp/personal-projects/MyVino/client/store.ts": {"path":"/Users/elisabertoni/Desktop/Bootcamp/personal-projects/MyVino/client/store.ts","statementMap":{"0":{"start":{"line":8,"column":14},"end":{"line":8,"column":80}}},"fnMap":{},"branchMap":{},"s":{"0":1},"f":{},"b":{},"_coverageSchema":"1a1c01bbd47fc00a2c39e90264f33305004495a9","hash":"25ad839e20cd5998fddae7ea633021d0323adfeb"}
,"/Users/elisabertoni/Desktop/Bootcamp/personal-projects/MyVino/client/components/App.tsx": {"path":"/Users/elisabertoni/Desktop/Bootcamp/personal-projects/MyVino/client/components/App.tsx","statementMap":{"0":{"start":{"line":4,"column":2},"end":{"line":13,"column":3}}},"fnMap":{"0":{"name":"App","decl":{"start":{"line":3,"column":9},"end":{"line":3,"column":12}},"loc":{"start":{"line":3,"column":15},"end":{"line":14,"column":1}},"line":3}},"branchMap":{},"s":{"0":1},"f":{"0":1},"b":{},"_coverageSchema":"1a1c01bbd47fc00a2c39e90264f33305004495a9","hash":"6fbfb6a1e6e284ec06d76c6026c2f2f666586c9c"}
,"/Users/elisabertoni/Desktop/Bootcamp/personal-projects/MyVino/client/reducers/index.ts": {"path":"/Users/elisabertoni/Desktop/Bootcamp/personal-projects/MyVino/client/reducers/index.ts","statementMap":{},"fnMap":{},"branchMap":{},"s":{},"f":{},"b":{},"_coverageSchema":"1a1c01bbd47fc00a2c39e90264f33305004495a9","hash":"f3997807dd9d4970db3031c3089d7ed24d2232e7"}
}
